  BackGround.cpp
  Enemy.cpp
  Status.cpp
  Main.cpp
  Player.cpp
  Scene1.cpp
  Scene2.cpp
  코드를 생성하고 있습니다...
BackGround.obj : error LNK2019: "public: __thiscall Camera::Camera(void)" (??0Camera@@QAE@XZ)"public: static class Camera * __cdecl Singleton<class Camera>::GetInstance(void)" (?GetInstance@?$Singleton@VCamera@@@@SAPAVCamera@@XZ) 함수에서 참조되는 확인할 수 없는 외부 기호
Player.obj : error LNK2001: 확인할 수 없는 외부 기호 "public: __thiscall Camera::Camera(void)" (??0Camera@@QAE@XZ)
BackGround.obj : error LNK2019: "public: __thiscall ObImage::ObImage(class std::basic_string<wchar_t,struct std::char_traits<wchar_t>,class std::allocator<wchar_t> >)" (??0ObImage@@QAE@V?$basic_string@_WU?$char_traits@_W@std@@V?$allocator@_W@2@@std@@@Z)"public: __thiscall BackGround::BackGround(void)" (??0BackGround@@QAE@XZ) 함수에서 참조되는 확인할 수 없는 외부 기호
Enemy.obj : error LNK2001: 확인할 수 없는 외부 기호 "public: __thiscall ObImage::ObImage(class std::basic_string<wchar_t,struct std::char_traits<wchar_t>,class std::allocator<wchar_t> >)" (??0ObImage@@QAE@V?$basic_string@_WU?$char_traits@_W@std@@V?$allocator@_W@2@@std@@@Z)
Player.obj : error LNK2001: 확인할 수 없는 외부 기호 "public: __thiscall ObImage::ObImage(class std::basic_string<wchar_t,struct std::char_traits<wchar_t>,class std::allocator<wchar_t> >)" (??0ObImage@@QAE@V?$basic_string@_WU?$char_traits@_W@std@@V?$allocator@_W@2@@std@@@Z)
Enemy.obj : error LNK2019: "public: __thiscall Timer::Timer(void)" (??0Timer@@QAE@XZ)"public: static class Timer * __cdecl Singleton<class Timer>::GetInstance(void)" (?GetInstance@?$Singleton@VTimer@@@@SAPAVTimer@@XZ) 함수에서 참조되는 확인할 수 없는 외부 기호
Player.obj : error LNK2001: 확인할 수 없는 외부 기호 "public: __thiscall Timer::Timer(void)" (??0Timer@@QAE@XZ)
Enemy.obj : error LNK2019: "public: __thiscall Random::Random(void)" (??0Random@@QAE@XZ)"public: static class Random * __cdecl Singleton<class Random>::GetInstance(void)" (?GetInstance@?$Singleton@VRandom@@@@SAPAVRandom@@XZ) 함수에서 참조되는 확인할 수 없는 외부 기호
Player.obj : error LNK2001: 확인할 수 없는 외부 기호 "public: __thiscall Random::Random(void)" (??0Random@@QAE@XZ)
Enemy.obj : error LNK2019: "public: int __thiscall Random::Int(int,int)" (?Int@Random@@QAEHHH@Z)"public: void __thiscall Enemy::Action(struct DirectX::SimpleMath::Vector2)" (?Action@Enemy@@QAEXUVector2@SimpleMath@DirectX@@@Z) 함수에서 참조되는 확인할 수 없는 외부 기호
Enemy.obj : error LNK2019: "public: float __thiscall Random::Float(float,float)" (?Float@Random@@QAEMMM@Z)"public: void __thiscall Enemy::Respawn(struct DirectX::SimpleMath::Vector2)" (?Respawn@Enemy@@QAEXUVector2@SimpleMath@DirectX@@@Z) 함수에서 참조되는 확인할 수 없는 외부 기호
Player.obj : error LNK2001: 확인할 수 없는 외부 기호 "public: float __thiscall Random::Float(float,float)" (?Float@Random@@QAEMMM@Z)
Enemy.obj : error LNK2019: "public: void __thiscall GameObject::SetWorldPos(struct DirectX::SimpleMath::Vector2)" (?SetWorldPos@GameObject@@QAEXUVector2@SimpleMath@DirectX@@@Z)"public: __thiscall Enemy::Enemy(enum Enemy_Type,int,int,int)" (??0Enemy@@QAE@W4Enemy_Type@@HHH@Z) 함수에서 참조되는 확인할 수 없는 외부 기호
Main.obj : error LNK2001: 확인할 수 없는 외부 기호 "public: void __thiscall GameObject::SetWorldPos(struct DirectX::SimpleMath::Vector2)" (?SetWorldPos@GameObject@@QAEXUVector2@SimpleMath@DirectX@@@Z)
Player.obj : error LNK2001: 확인할 수 없는 외부 기호 "public: void __thiscall GameObject::SetWorldPos(struct DirectX::SimpleMath::Vector2)" (?SetWorldPos@GameObject@@QAEXUVector2@SimpleMath@DirectX@@@Z)
Enemy.obj : error LNK2019: "public: void __thiscall GameObject::SetWorldPosX(float)" (?SetWorldPosX@GameObject@@QAEXM@Z)"public: void __thiscall Enemy::Respawn(struct DirectX::SimpleMath::Vector2)" (?Respawn@Enemy@@QAEXUVector2@SimpleMath@DirectX@@@Z) 함수에서 참조되는 확인할 수 없는 외부 기호
Enemy.obj : error LNK2019: "public: void __thiscall GameObject::MoveWorldPos(struct DirectX::SimpleMath::Vector2)" (?MoveWorldPos@GameObject@@QAEXUVector2@SimpleMath@DirectX@@@Z)"public: void __thiscall Enemy::Action(struct DirectX::SimpleMath::Vector2)" (?Action@Enemy@@QAEXUVector2@SimpleMath@DirectX@@@Z) 함수에서 참조되는 확인할 수 없는 외부 기호
Player.obj : error LNK2001: 확인할 수 없는 외부 기호 "public: void __thiscall GameObject::MoveWorldPos(struct DirectX::SimpleMath::Vector2)" (?MoveWorldPos@GameObject@@QAEXUVector2@SimpleMath@DirectX@@@Z)
Enemy.obj : error LNK2019: "public: __thiscall ObRect::ObRect(void)" (??0ObRect@@QAE@XZ)"public: __thiscall Enemy::Enemy(enum Enemy_Type,int,int,int)" (??0Enemy@@QAE@W4Enemy_Type@@HHH@Z) 함수에서 참조되는 확인할 수 없는 외부 기호
Player.obj : error LNK2001: 확인할 수 없는 외부 기호 "public: __thiscall ObRect::ObRect(void)" (??0ObRect@@QAE@XZ)
Enemy.obj : error LNK2019: "public: void __thiscall ObImage::ChangeAnim(enum ANISTATE,float,bool)" (?ChangeAnim@ObImage@@QAEXW4ANISTATE@@M_N@Z)"public: __thiscall Enemy::Enemy(enum Enemy_Type,int,int,int)" (??0Enemy@@QAE@W4Enemy_Type@@HHH@Z) 함수에서 참조되는 확인할 수 없는 외부 기호
Player.obj : error LNK2001: 확인할 수 없는 외부 기호 "public: void __thiscall ObImage::ChangeAnim(enum ANISTATE,float,bool)" (?ChangeAnim@ObImage@@QAEXW4ANISTATE@@M_N@Z)
Enemy.obj : error LNK2001: 확인할 수 없는 외부 기호 "class Application App" (?App@@3VApplication@@A)
Main.obj : error LNK2001: 확인할 수 없는 외부 기호 "class Application App" (?App@@3VApplication@@A)
Main.obj : error LNK2019: "public: unsigned int __thiscall Window::Run(class Scene *)" (?Run@Window@@QAEIPAVScene@@@Z)_wWinMain@16 함수에서 참조되는 확인할 수 없는 외부 기호
Main.obj : error LNK2019: "public: bool __thiscall GameObject::Intersect(class GameObject *)" (?Intersect@GameObject@@QAE_NPAV1@@Z)"public: virtual void __thiscall Main::LateUpdate(void)" (?LateUpdate@Main@@UAEXXZ) 함수에서 참조되는 확인할 수 없는 외부 기호
Player.obj : error LNK2019: "public: __thiscall Input::Input(void)" (??0Input@@QAE@XZ)"public: static class Input * __cdecl Singleton<class Input>::GetInstance(void)" (?GetInstance@?$Singleton@VInput@@@@SAPAVInput@@XZ) 함수에서 참조되는 확인할 수 없는 외부 기호
Player.obj : error LNK2019: "public: bool __thiscall Input::KeyDown(int)" (?KeyDown@Input@@QAE_NH@Z)"public: void __thiscall Player::Action(void)" (?Action@Player@@QAEXXZ) 함수에서 참조되는 확인할 수 없는 외부 기호
Player.obj : error LNK2019: "public: bool __thiscall Input::KeyPress(int)" (?KeyPress@Input@@QAE_NH@Z)"public: void __thiscall Player::Action(void)" (?Action@Player@@QAEXXZ) 함수에서 참조되는 확인할 수 없는 외부 기호
Player.obj : error LNK2019: "public: void __thiscall GameObject::SetWorldPosY(float)" (?SetWorldPosY@GameObject@@QAEXM@Z)"public: void __thiscall Player::Fall_Down(void)" (?Fall_Down@Player@@QAEXXZ) 함수에서 참조되는 확인할 수 없는 외부 기호
..\Libs\DirectXTex\DirectXTex.lib : warning LNK4272: 'x64' 라이브러리 컴퓨터 종류가 'x86' 대상 컴퓨터 종류와 충돌합니다.
..\Libs\Fmod\fmodL_vc.lib : warning LNK4272: 'x64' 라이브러리 컴퓨터 종류가 'x86' 대상 컴퓨터 종류와 충돌합니다.
..\Libs\ImGui\ImGui.lib : warning LNK4272: 'x64' 라이브러리 컴퓨터 종류가 'x86' 대상 컴퓨터 종류와 충돌합니다.
..\Build\2DFrameWork\2DFrameWork.lib : warning LNK4272: 'x64' 라이브러리 컴퓨터 종류가 'x86' 대상 컴퓨터 종류와 충돌합니다.
C:\Users\user\Documents\7day\ssh\DX11\Debug\Game1.exe : fatal error LNK1120: 18개의 확인할 수 없는 외부 참조입니다.
