  Camera.cpp
C:\Users\user\Documents\7day\ssh\DX11\2DFrameWork\Camera.cpp(34,1): fatal error C1010: 미리 컴파일된 헤더를 찾는 동안 예기치 않은 파일의 끝이 나타났습니다. '#include "pch.h"'을(를) 소스에 추가하시겠습니까?
  Direct3D11.cpp
C:\Users\user\Documents\7day\ssh\DX11\2DFrameWork\Direct3D11.cpp(343,1): fatal error C1010: 미리 컴파일된 헤더를 찾는 동안 예기치 않은 파일의 끝이 나타났습니다. '#include "pch.h"'을(를) 소스에 추가하시겠습니까?
  GameObject.cpp
C:\Users\user\Documents\7day\ssh\DX11\2DFrameWork\GameObject.cpp(298,1): fatal error C1010: 미리 컴파일된 헤더를 찾는 동안 예기치 않은 파일의 끝이 나타났습니다. '#include "pch.h"'을(를) 소스에 추가하시겠습니까?
  Gui.cpp
C:\Users\user\Documents\7day\ssh\DX11\2DFrameWork\Gui.cpp(75,1): fatal error C1010: 미리 컴파일된 헤더를 찾는 동안 예기치 않은 파일의 끝이 나타났습니다. '#include "pch.h"'을(를) 소스에 추가하시겠습니까?
  Input.cpp
C:\Users\user\Documents\7day\ssh\DX11\2DFrameWork\Input.cpp(73,1): fatal error C1010: 미리 컴파일된 헤더를 찾는 동안 예기치 않은 파일의 끝이 나타났습니다. '#include "pch.h"'을(를) 소스에 추가하시겠습니까?
  ObCircle.cpp
C:\Users\user\Documents\7day\ssh\DX11\2DFrameWork\ObCircle.cpp(111,1): fatal error C1010: 미리 컴파일된 헤더를 찾는 동안 예기치 않은 파일의 끝이 나타났습니다. '#include "pch.h"'을(를) 소스에 추가하시겠습니까?
  ObImage.cpp
C:\Users\user\Documents\7day\ssh\DX11\2DFrameWork\ObImage.cpp(264,1): fatal error C1010: 미리 컴파일된 헤더를 찾는 동안 예기치 않은 파일의 끝이 나타났습니다. '#include "pch.h"'을(를) 소스에 추가하시겠습니까?
  ObLine.cpp
C:\Users\user\Documents\7day\ssh\DX11\2DFrameWork\ObLine.cpp(57,1): fatal error C1010: 미리 컴파일된 헤더를 찾는 동안 예기치 않은 파일의 끝이 나타났습니다. '#include "pch.h"'을(를) 소스에 추가하시겠습니까?
  ObRect.cpp
C:\Users\user\Documents\7day\ssh\DX11\2DFrameWork\ObRect.cpp(122,1): fatal error C1010: 미리 컴파일된 헤더를 찾는 동안 예기치 않은 파일의 끝이 나타났습니다. '#include "pch.h"'을(를) 소스에 추가하시겠습니까?
  ObStar.cpp
C:\Users\user\Documents\7day\ssh\DX11\2DFrameWork\ObStar.cpp(102,1): fatal error C1010: 미리 컴파일된 헤더를 찾는 동안 예기치 않은 파일의 끝이 나타났습니다. '#include "pch.h"'을(를) 소스에 추가하시겠습니까?
  Random.cpp
C:\Users\user\Documents\7day\ssh\DX11\2DFrameWork\Random.cpp(27,1): fatal error C1010: 미리 컴파일된 헤더를 찾는 동안 예기치 않은 파일의 끝이 나타났습니다. '#include "pch.h"'을(를) 소스에 추가하시겠습니까?
  SceneManager.cpp
C:\Users\user\Documents\7day\ssh\DX11\2DFrameWork\SceneManager.cpp(100,1): fatal error C1010: 미리 컴파일된 헤더를 찾는 동안 예기치 않은 파일의 끝이 나타났습니다. '#include "pch.h"'을(를) 소스에 추가하시겠습니까?
  Shader.cpp
C:\Users\user\Documents\7day\ssh\DX11\2DFrameWork\Shader.cpp(58,1): fatal error C1010: 미리 컴파일된 헤더를 찾는 동안 예기치 않은 파일의 끝이 나타났습니다. '#include "pch.h"'을(를) 소스에 추가하시겠습니까?
  Sound.cpp
C:\Users\user\Documents\7day\ssh\DX11\2DFrameWork\Sound.cpp(158,1): fatal error C1010: 미리 컴파일된 헤더를 찾는 동안 예기치 않은 파일의 끝이 나타났습니다. '#include "pch.h"'을(를) 소스에 추가하시겠습니까?
  Texture.cpp
C:\Users\user\Documents\7day\ssh\DX11\2DFrameWork\Texture.cpp(62,1): fatal error C1010: 미리 컴파일된 헤더를 찾는 동안 예기치 않은 파일의 끝이 나타났습니다. '#include "pch.h"'을(를) 소스에 추가하시겠습니까?
  Timer.cpp
C:\Users\user\Documents\7day\ssh\DX11\2DFrameWork\Timer.cpp(63,1): fatal error C1010: 미리 컴파일된 헤더를 찾는 동안 예기치 않은 파일의 끝이 나타났습니다. '#include "pch.h"'을(를) 소스에 추가하시겠습니까?
  Util.cpp
C:\Users\user\Documents\7day\ssh\DX11\2DFrameWork\Util.cpp(205,1): fatal error C1010: 미리 컴파일된 헤더를 찾는 동안 예기치 않은 파일의 끝이 나타났습니다. '#include "pch.h"'을(를) 소스에 추가하시겠습니까?
  Window.cpp
C:\Users\user\Documents\7day\ssh\DX11\2DFrameWork\Window.cpp(186,1): fatal error C1010: 미리 컴파일된 헤더를 찾는 동안 예기치 않은 파일의 끝이 나타났습니다. '#include "pch.h"'을(를) 소스에 추가하시겠습니까?
